therion 5.5.5 (2020-12-22)
  - using Proj 5.1.0, compiled against 5.1.0
initialization file: C:\Users\Professional\AppData\Local\Therion/therion.ini
reading ... done
configuration file: main.thconfig
reading ... done
reading source files ... done
preprocessing database ... done
output coordinate system: UTM37
meridian convergence (deg): -22.6558
geomag declinations (deg):
  2014.1.1  -0.2043
  2015.1.1  -0.1697
  2016.1.1  -0.1644
  2017.1.1  -0.1592
  2018.1.1  -0.1539
  2019.1.1  -0.1487
  2020.1.1  -0.1434
  2021.1.1  -0.1467
  2022.1.1  -0.1499
  2023.1.1  -0.1531
scanning centreline tree ... done
searching for centerline loops ... done
calculating station coordinates ... done
calculating basic statistics ... done
processing extended elevation ... done
processing references ... done
selecting export objects ... 
C:\Users\Professional\AppData\Local\Therion\therion.exe: warning -- main.thconfig [4] -- object not found -- "recursive"
done
processing projection plan ... done
average distortion: 0.40%


############### export maps & scraps selection #################
M  2215.71 mpR4-b16@2015_Pod_mishki.Elsa_2015.Elsa_2014-2022 (Непокорная Эльза. План)
S  2218.30  elsa_2015_Pod_mishki-1p@2015_Pod_mishki.Elsa_2015.Elsa_2014-2022 ()
S  2218.79  elsa_2015_Pod_mishki-1p1@2015_Pod_mishki.Elsa_2015.Elsa_2014-2022 ()
S  2210.04  elsa_2015_Pod_mishki-1p2@2015_Pod_mishki.Elsa_2015.Elsa_2014-2022 ()
M  2264.64 mpR2-d112@2018_pritoptat.Elsa_2018.Elsa_2014-2022 (Непокорная Эльза. План)
S  2298.24  elsa_2018_pritoptat-1p@2018_pritoptat.Elsa_2018.Elsa_2014-2022 ()
S  2231.04  elsa_2018_pritoptat-1p1@2018_pritoptat.Elsa_2018.Elsa_2014-2022 ()
M  2278.92 mpR2-R4@2015_Echo.Elsa_2015.Elsa_2014-2022 (Непокорная Эльза. План)
S  2303.98  elsa_2015_Echo-1p@2015_Echo.Elsa_2015.Elsa_2014-2022 ()
S  2253.85  elsa_2015_Echo-1p1@2015_Echo.Elsa_2015.Elsa_2014-2022 ()
M  2279.52 mpR2-d74@2018_petr_pit.Elsa_2018.Elsa_2014-2022 (Непокорная Эльза. План)
S  2296.94  elsa_2018_petr_pit-1p@2018_petr_pit.Elsa_2018.Elsa_2014-2022 ()
S  2262.11  elsa_2018_petr_pit-1p1@2018_petr_pit.Elsa_2018.Elsa_2014-2022 ()
M  2289.79 mpR2-d91@2018_khao.Elsa_2018.Elsa_2014-2022 (Непокорная Эльза. План)
S  2343.18  elsa_2018_khao-1p@2018_khao.Elsa_2018.Elsa_2014-2022 ()
S  2322.49  elsa_2018_khao-1p1@2018_khao.Elsa_2018.Elsa_2014-2022 ()
S  2266.23  elsa_2018_khao-1p2@2018_khao.Elsa_2018.Elsa_2014-2022 ()
S  2227.25  elsa_2018_khao-1p3@2018_khao.Elsa_2018.Elsa_2014-2022 ()
M  2375.92 mpR2A-d7@2018_ring.Elsa_2018.Elsa_2014-2022 (Непокорная Эльза. План)
S  2375.92  elsa_2018_ring-1p@2018_ring.Elsa_2018.Elsa_2014-2022 ()
M  2395.61 mpR1-R2@2015_second_pit.Elsa_2015.Elsa_2014-2022 (Непокорная Эльза. План)
S  2395.61  elsa_2015_second_pit-1p@2015_second_pit.Elsa_2015.Elsa_2014-2022 ()
M  2405.61 mpR2A-56A@2017_new_mir.Elsa_2017.Elsa_2014-2022 (Непокорная Эльза. План)
S  2412.39  elsa_2017_new_mir-1p@2017_new_mir.Elsa_2017.Elsa_2014-2022 ()
S  2398.83  elsa_2017_new_mir-1p1@2017_new_mir.Elsa_2017.Elsa_2014-2022 ()
M  2425.78 mpR1-R2A@2017_kusiko.Elsa_2017.Elsa_2014-2022 (Непокорная Эльза. План)
S  2425.78  elsa_2017_kusiko-1p@2017_kusiko.Elsa_2017.Elsa_2014-2022 ()
M  2507.74 mp0-R1@Elsa_2014.Elsa_2014-2022 (Непокорная Эльза. План)
S  2518.68  elsa_2014_first_pit-1p@Elsa_2014.Elsa_2014-2022 ()
S  2496.80  elsa_2014_first_pit-1p1@Elsa_2014.Elsa_2014-2022 ()
########## end of export maps & scraps selection ###############
writing elsa_main-plan.pdf ...
####################### metapost log file ########################
This is MetaPost, version 2.00 (TeX Live 2020/W32TeX) (kpathsea version 6.3.2)  26 APR 2023 16:42
**data.mp
(c:/Users/Professional/AppData/Local/Therion/texmf/mpost/mpost.mp
(c:/Users/Professional/AppData/Local/Therion/texmf/mpost/plain.mp
Preloading the plain mem file, version 1.005) ) (./data.mp
{randomseed:=42}
 [4001] [4002] [4003] [4004] [4005] [4006] [4007] [4008] [4009] [4010] [4011] [
4012] [4013] [4014]
[1] [2] [3] [4] [5] [6] [7] [8] [9] [10] [11] [12] [13] [14] [15] [16] [17]
[18] [19] [20] [21] [22] [23] [24] [25]
[Warning: scrap outline intersects itself in scrap elsa_2015_Echo-1p@2015_Echo.
Elsa_2015.Elsa_2014-2022] [26] [27] [28] [29] [30] [31] [32] [33] [34] [35]
[36] [37] [38] [39] [40] [41] [42] [43] [44] [45] [46] [47] [48] [49] [50]
[51] [52] [53] [54] [55] [56] [57]
[Warning: scrap outline intersects itself in scrap elsa_2015_second_pit-1p@2015
_second_pit.Elsa_2015.Elsa_2014-2022] [58] [59] [60] [61]
[Warning: scrap outline intersects itself in scrap elsa_2017_new_mir-1p1@2017_n
ew_mir.Elsa_2017.Elsa_2014-2022]
[Warning: scrap outline intersects itself in scrap elsa_2017_new_mir-1p1@2017_n
ew_mir.Elsa_2017.Elsa_2014-2022] [62] [63] [64] [65] [66] [67] [68] [69] [70]
[71] [72] [73] [74] [75] [76] [77] [78] [79] [80] [81] (./mptextmp.mp) [82] )
 
Here is how much of MetaPost's memory you used:
 116391 strings using 3099045 characters
 2707228 bytes of node memory
 1660 symbolic tokens
 8i,82n,16p,312b,5f stack positions out of 16i,98n,20p,312b,6f
96 output files written: data.1 .. data.4014


#################### end of metapost log file ####################
converting scraps ... done
making map ... done
######################## pdftex log file #########################
This is pdfTeX, Version 3.14159265-2.6-1.40.21 (TeX Live 2020/W32TeX) (preloaded format=pdftex 2020.6.19)  26 APR 2023 16:42
entering extended mode
**data.tex
(./data.tex (./th_enc.tex) (./th_texts.tex) (./th_resources.tex
(c:/Users/Professional/AppData/Local/Therion/texmf/tex/glyphtounicode.tex))
(./th_fontdef.tex{c:/Users/Professional/AppData/Local/Therion/texmf/fonts/pdfte
x.map})
(./th_formdef.tex) (./th_pagedef.tex (./th_legendcolor.tex)) (./th_pages.tex)
 158 numeric registers used out of 32768

[1] ) 
Here is how much of TeX's memory you used:
 358 strings out of 94623
 3703 string characters out of 1150079
 100240 words of memory out of 5078983
 2006 multiletter control sequences out of 15000+50000
 21229 words of font info for 66 fonts, out of 1000000 for 2000
 1416 hyphenation exceptions out of 5000
 12i,5n,8p,458b,78s stack positions out of 5000i,500n,10000p,200000b,50000s
<c:/Users/Professional/AppData/Local/Therion/texmf/fonts/type1/cmcss10.pfb
><c:/Users/Professional/AppData/Local/Therion/texmf/fonts/type1/cmss10.pfb><c:/
Users/Professional/AppData/Local/Therion/texmf/fonts/type1/cmssi10.pfb>
Output written on data.pdf (1 page, 444869 bytes).
PDF statistics:
 319 PDF objects out of 1000 (max. 8388607)
 168 compressed objects within 2 object streams
 0 named destinations out of 1000 (max. 500000)
 901 words of extra memory for PDF output out of 10000 (max. 10000000)


##################### end of pdftex log file #####################
done
processing projection extended ... done
average distortion: 1.12%
C:\Users\Professional\AppData\Local\Therion\therion.exe: warning --  [0] -- source layout not found -- water-blue


############### export maps & scraps selection #################
M     0.00 ms0-R1@Elsa_2014.Elsa_2014-2022 (Непокорная Эльза. Разрез-развертка)
S     0.00  elsa_2014_first_pit-1s@Elsa_2014.Elsa_2014-2022 ()
M     0.00 msR2-R4@2015_Echo.Elsa_2015.Elsa_2014-2022 (Непокорная Эльза. Разрез-развертка)
S     0.00  elsa_2015_Echo-1s@2015_Echo.Elsa_2015.Elsa_2014-2022 ()
M     0.00 msR4-b16@2015_Pod_mishki.Elsa_2015.Elsa_2014-2022 (Непокорная Эльза. Разрез-развертка)
S     0.00  elsa_2015_Pod_mishki-1s@2015_Pod_mishki.Elsa_2015.Elsa_2014-2022 ()
M     0.00 msR1-R2@2015_second_pit.Elsa_2015.Elsa_2014-2022 (Непокорная Эльза. Разрез-развертка)
S     0.00  elsa_2015_second_pit-1s@2015_second_pit.Elsa_2015.Elsa_2014-2022 ()
M     0.00 msR2A-56A@2017_new_mir.Elsa_2017.Elsa_2014-2022 (Непокорная Эльза. Разрез-развертка)
S     0.00  elsa_2017_new_mir-1s@2017_new_mir.Elsa_2017.Elsa_2014-2022 ()
M     0.00 msR1-R2A@2017_kusiko.Elsa_2017.Elsa_2014-2022 (Непокорная Эльза. Разрез-развертка)
S     0.00  elsa_2017_kusiko-1s2@2017_kusiko.Elsa_2017.Elsa_2014-2022 ()
S     0.00  elsa_2017_kusiko-1s@2017_kusiko.Elsa_2017.Elsa_2014-2022 ()
M     0.00 pink@2017_kusiko.Elsa_2017.Elsa_2014-2022 ()
S     0.00  elsa_2017_kusiko-1s1@2017_kusiko.Elsa_2017.Elsa_2014-2022 ()
M     0.00 msR2A-d7@2018_ring.Elsa_2018.Elsa_2014-2022 (Непокорная Эльза. Разрез-развертка)
S     0.00  elsa_2018_ring-1s@2018_ring.Elsa_2018.Elsa_2014-2022 ()
M     0.00 msR2-d91@2018_khao.Elsa_2018.Elsa_2014-2022 (Непокорная Эльза. Разрез-развертка)
S     0.00  elsa_2018_khao-1s@2018_khao.Elsa_2018.Elsa_2014-2022 ()
M     0.00 msR2-d74@2018_petr_pit.Elsa_2018.Elsa_2014-2022 (Непокорная Эльза. Разрез-развертка)
S     0.00  elsa_2018_petr_pit-1s@2018_petr_pit.Elsa_2018.Elsa_2014-2022 ()
M     0.00 msR2-d112@2018_pritoptat.Elsa_2018.Elsa_2014-2022 (Непокорная Эльза. Разрез-развертка)
S     0.00  elsa_2018_pritoptat-1s@2018_pritoptat.Elsa_2018.Elsa_2014-2022 ()
########## end of export maps & scraps selection ###############
writing elsa_main-ext.pdf ...
####################### metapost log file ########################
This is MetaPost, version 2.00 (TeX Live 2020/W32TeX) (kpathsea version 6.3.2)  26 APR 2023 16:42
**data.mp
(c:/Users/Professional/AppData/Local/Therion/texmf/mpost/mpost.mp
(c:/Users/Professional/AppData/Local/Therion/texmf/mpost/plain.mp
Preloading the plain mem file, version 1.005) ) (./data.mp
{randomseed:=42}
 [4001] [4002] [4003] [4004] [4005] [4006] [4007] [4008] [4009] [4010] [4011] [
4012] [4013] [4014]
[1] [2] [3] [4] [5]
[Warning: scrap outline intersects itself in scrap elsa_2015_Echo-1s@2015_Echo.
Elsa_2015.Elsa_2014-2022] [6] [7] [8] [9] [10] [11] [12] [13] [14] [15] [16]
[17]
[Warning: scrap outline intersects itself in scrap elsa_2017_new_mir-1s@2017_ne
w_mir.Elsa_2017.Elsa_2014-2022] [18] [19] [20] [21]
[Warning: scrap outline intersects itself in scrap elsa_2017_kusiko-1s@2017_kus
iko.Elsa_2017.Elsa_2014-2022] [22] [23] [24] [25] [26] [27] [28] [29] [30]
[31] [32] [33] [34] [35] [36] [37]
[Warning: scrap outline intersects itself in scrap elsa_2018_khao-1s@2018_khao.
Elsa_2018.Elsa_2014-2022] [38] [39] [40] [41] [42] [43] [44] [45] [46] [47]
[48] [49] (./mptextmp.mp) [50] )
 
Here is how much of MetaPost's memory you used:
 111187 strings using 3071985 characters
 2658716 bytes of node memory
 1664 symbolic tokens
 8i,82n,16p,323b,5f stack positions out of 16i,98n,20p,390b,6f
64 output files written: data.1 .. data.4014


#################### end of metapost log file ####################
converting scraps ... done
making map ... done
######################## pdftex log file #########################
This is pdfTeX, Version 3.14159265-2.6-1.40.21 (TeX Live 2020/W32TeX) (preloaded format=pdftex 2020.6.19)  26 APR 2023 16:42
entering extended mode
**data.tex
(./data.tex (./th_enc.tex) (./th_texts.tex) (./th_resources.tex
(c:/Users/Professional/AppData/Local/Therion/texmf/tex/glyphtounicode.tex))
(./th_fontdef.tex{c:/Users/Professional/AppData/Local/Therion/texmf/fonts/pdfte
x.map})
(./th_formdef.tex) (./th_pagedef.tex (./th_legendcolor.tex)) (./th_pages.tex)
 120 numeric registers used out of 32768

[1] ) 
Here is how much of TeX's memory you used:
 321 strings out of 94623
 3282 string characters out of 1150079
 104071 words of memory out of 5083814
 1969 multiletter control sequences out of 15000+50000
 21229 words of font info for 66 fonts, out of 1000000 for 2000
 1416 hyphenation exceptions out of 5000
 12i,5n,8p,493b,78s stack positions out of 5000i,500n,10000p,200000b,50000s
<c:/Users/Professional/AppData/Local/Therion/texmf/fonts/type1/cmcss10.pfb
><c:/Users/Professional/AppData/Local/Therion/texmf/fonts/type1/cmss10.pfb><c:/
Users/Professional/AppData/Local/Therion/texmf/fonts/type1/cmssi10.pfb>
Output written on data.pdf (1 page, 391842 bytes).
PDF statistics:
 227 PDF objects out of 1000 (max. 8388607)
 122 compressed objects within 2 object streams
 0 named destinations out of 1000 (max. 500000)
 627 words of extra memory for PDF output out of 10000 (max. 10000000)


##################### end of pdftex log file #####################
done
writing elsa_main.lox .....
C:\Users\Professional\AppData\Local\Therion\therion.exe: warning -- elsa_2014_first_pit-1p1@Elsa_2014.Elsa_2014-2022 -- multiple scrap outer outlines not supported yet
.
C:\Users\Professional\AppData\Local\Therion\therion.exe: warning -- elsa_2015_Echo-1p@2015_Echo.Elsa_2015.Elsa_2014-2022 -- invalid scrap outline
.....
C:\Users\Professional\AppData\Local\Therion\therion.exe: warning -- elsa_2015_second_pit-1p@2015_second_pit.Elsa_2015.Elsa_2014-2022 -- invalid scrap outline
..
C:\Users\Professional\AppData\Local\Therion\therion.exe: warning -- elsa_2017_new_mir-1p1@2017_new_mir.Elsa_2017.Elsa_2014-2022 -- multiple scrap outer outlines not supported yet
.
C:\Users\Professional\AppData\Local\Therion\therion.exe: warning -- elsa_2017_kusiko-1p@2017_kusiko.Elsa_2017.Elsa_2014-2022 -- multiple scrap outer outlines not supported yet
......... done
writing xtherion file ... done
compilation time: 8 sec


###################### scrap distortions #######################
 PROJECTION: plan
 AVERAGE  MAXIMAL  SCRAP
   0.30%   93.72%  elsa_2014_first_pit-1p@Elsa_2014.Elsa_2014-2022
   1.32%   80.77%  elsa_2017_kusiko-1p@2017_kusiko.Elsa_2017.Elsa_2014-2022
   0.38%   78.98%  elsa_2014_first_pit-1p1@Elsa_2014.Elsa_2014-2022
   1.03%   75.51%  elsa_2015_second_pit-1p@2015_second_pit.Elsa_2015.Elsa_2014-2022
   0.04%   61.28%  elsa_2017_new_mir-1p1@2017_new_mir.Elsa_2017.Elsa_2014-2022
   4.68%   50.71%  elsa_2017_new_mir-1p@2017_new_mir.Elsa_2017.Elsa_2014-2022
   0.61%   44.52%  elsa_2015_Pod_mishki-1p@2015_Pod_mishki.Elsa_2015.Elsa_2014-2022
   2.49%   35.96%  elsa_2015_Echo-1p1@2015_Echo.Elsa_2015.Elsa_2014-2022
   0.05%   31.64%  elsa_2018_khao-1p1@2018_khao.Elsa_2018.Elsa_2014-2022
   0.15%   21.49%  elsa_2018_ring-1p@2018_ring.Elsa_2018.Elsa_2014-2022
   0.00%    0.17%  elsa_2018_khao-1p3@2018_khao.Elsa_2018.Elsa_2014-2022
   0.00%    0.17%  elsa_2018_khao-1p2@2018_khao.Elsa_2018.Elsa_2014-2022
   0.01%    0.15%  elsa_2015_Pod_mishki-1p1@2015_Pod_mishki.Elsa_2015.Elsa_2014-2022
   0.00%    0.14%  elsa_2015_Pod_mishki-1p2@2015_Pod_mishki.Elsa_2015.Elsa_2014-2022
   0.00%    0.13%  elsa_2015_Echo-1p@2015_Echo.Elsa_2015.Elsa_2014-2022
   0.00%    0.07%  elsa_2018_pritoptat-1p@2018_pritoptat.Elsa_2018.Elsa_2014-2022
   0.00%    0.04%  elsa_2018_pritoptat-1p1@2018_pritoptat.Elsa_2018.Elsa_2014-2022
   0.00%    0.03%  elsa_2018_petr_pit-1p@2018_petr_pit.Elsa_2018.Elsa_2014-2022
   0.00%    0.02%  elsa_2018_khao-1p@2018_khao.Elsa_2018.Elsa_2014-2022
   0.00%    0.01%  elsa_2018_petr_pit-1p1@2018_petr_pit.Elsa_2018.Elsa_2014-2022
################### end of scrap distortions ###################


###################### scrap distortions #######################
 PROJECTION: extended
 AVERAGE  MAXIMAL  SCRAP
  17.09%   93.84%  elsa_2017_kusiko-1s@2017_kusiko.Elsa_2017.Elsa_2014-2022
   2.52%   92.77%  elsa_2015_Echo-1s@2015_Echo.Elsa_2015.Elsa_2014-2022
   6.69%   87.96%  elsa_2017_kusiko-1s1@2017_kusiko.Elsa_2017.Elsa_2014-2022
   0.15%   87.58%  elsa_2017_new_mir-1s@2017_new_mir.Elsa_2017.Elsa_2014-2022
   0.37%   53.62%  elsa_2018_ring-1s@2018_ring.Elsa_2018.Elsa_2014-2022
   0.07%   19.49%  elsa_2018_khao-1s@2018_khao.Elsa_2018.Elsa_2014-2022
   0.00%    0.05%  elsa_2015_Pod_mishki-1s@2015_Pod_mishki.Elsa_2015.Elsa_2014-2022
   0.00%    0.04%  elsa_2018_pritoptat-1s@2018_pritoptat.Elsa_2018.Elsa_2014-2022
   0.00%    0.02%  elsa_2018_petr_pit-1s@2018_petr_pit.Elsa_2018.Elsa_2014-2022
   0.00%    0.02%  elsa_2014_first_pit-1s@Elsa_2014.Elsa_2014-2022
   0.00%    0.02%  elsa_2015_second_pit-1s@2015_second_pit.Elsa_2015.Elsa_2014-2022
   0.00%    0.01%  elsa_2017_kusiko-1s2@2017_kusiko.Elsa_2017.Elsa_2014-2022
################### end of scrap distortions ###################
