therion 5.5.5 (2020-12-22)
  - using Proj 5.1.0, compiled against 5.1.0
initialization file: C:\Users\Professional\AppData\Local\Therion/therion.ini
reading ... done
configuration file: elsa_2017.thconfig
reading ... done
reading source files ... done
preprocessing database ... done
scanning centreline tree ... done
searching for centerline loops ... done
calculating station coordinates ... done
calculating basic statistics ... done
processing extended elevation ... done
processing references ... done
selecting export objects ... done
processing projection plan ... done
average distortion: 0.72%


############### export maps & scraps selection #################
M     9.88 mpR2A-56A@2017_new_mir.Elsa_2017 (Непокорная Эльза. План)
S    16.66  elsa_2017_new_mir-1p@2017_new_mir.Elsa_2017 ()
S     3.09  elsa_2017_new_mir-1p1@2017_new_mir.Elsa_2017 ()
M    30.04 mpR1-R2A@2017_kusiko.Elsa_2017 (Непокорная Эльза. План)
S    30.04  elsa_2017_kusiko-1p@2017_kusiko.Elsa_2017 ()
########## end of export maps & scraps selection ###############
writing elsa_2017-plan.pdf ...
####################### metapost log file ########################
This is MetaPost, version 2.00 (TeX Live 2020/W32TeX) (kpathsea version 6.3.2)  5 APR 2023 17:01
**data.mp
(c:/Users/Professional/AppData/Local/Therion/texmf/mpost/mpost.mp
(c:/Users/Professional/AppData/Local/Therion/texmf/mpost/plain.mp
Preloading the plain mem file, version 1.005) ) (./data.mp
{randomseed:=42}
 [4001] [4002] [4003] [4004] [4005] [4006] [4007] [4008] [4009] [4010] [4011] [
4012] [4013] [4014]
[1]
[Warning: scrap outline intersects itself in scrap elsa_2017_new_mir-1p1@2017_n
ew_mir.Elsa_2017]
[Warning: scrap outline intersects itself in scrap elsa_2017_new_mir-1p1@2017_n
ew_mir.Elsa_2017]
[Warning: scrap outline intersects itself in scrap elsa_2017_new_mir-1p1@2017_n
ew_mir.Elsa_2017] [2] [3] [4] [5] [6] [7] [8] [9] [10] [11] [12] [13]
(./mptextmp.mp) [14] )
 
Here is how much of MetaPost's memory you used:
 37564 strings using 1049632 characters
 2520284 bytes of node memory
 1660 symbolic tokens
 8i,82n,16p,312b,5f stack positions out of 16i,98n,20p,312b,6f
28 output files written: data.1 .. data.4014


#################### end of metapost log file ####################
converting scraps ... done
making map ... done
######################## pdftex log file #########################
This is pdfTeX, Version 3.14159265-2.6-1.40.21 (TeX Live 2020/W32TeX) (preloaded format=pdftex 2020.6.19)  5 APR 2023 17:01
entering extended mode
**data.tex
(./data.tex (./th_enc.tex) (./th_texts.tex) (./th_resources.tex
(c:/Users/Professional/AppData/Local/Therion/texmf/tex/glyphtounicode.tex))
(./th_fontdef.tex{c:/Users/Professional/AppData/Local/Therion/texmf/fonts/pdfte
x.map})
(./th_formdef.tex) (./th_pagedef.tex) (./th_pages.tex)
 65 numeric registers used out of 32768
 [1] ) 
Here is how much of TeX's memory you used:
 262 strings out of 94623
 2709 string characters out of 1150079
 99904 words of memory out of 5078647
 1913 multiletter control sequences out of 15000+50000
 20080 words of font info for 63 fonts, out of 1000000 for 2000
 1416 hyphenation exceptions out of 5000
 9i,5n,8p,238b,58s stack positions out of 5000i,500n,10000p,200000b,50000s
<c:/Users/Professional/AppData/Local/Therion/texmf/fonts/type1/cmcss10.pf
b><c:/Users/Professional/AppData/Local/Therion/texmf/fonts/type1/cmss10.pfb><c:
/Users/Professional/AppData/Local/Therion/texmf/fonts/type1/cmssi10.pfb>
Output written on data.pdf (1 page, 151243 bytes).
PDF statistics:
 76 PDF objects out of 1000 (max. 8388607)
 43 compressed objects within 1 object stream
 0 named destinations out of 1000 (max. 500000)
 167 words of extra memory for PDF output out of 10000 (max. 10000000)


##################### end of pdftex log file #####################
done
processing projection extended ... done
average distortion: 3.00%
C:\Users\Professional\AppData\Local\Therion\therion.exe: warning --  [0] -- source layout not found -- water-blue


############### export maps & scraps selection #################
M     0.00 msR1-R2A@2017_kusiko.Elsa_2017 (Непокорная Эльза. Разрез-развертка)
S     0.00  elsa_2017_kusiko-1s2@2017_kusiko.Elsa_2017 ()
S     0.00  elsa_2017_kusiko-1s@2017_kusiko.Elsa_2017 ()
M     0.00 pink@2017_kusiko.Elsa_2017 ()
S     0.00  elsa_2017_kusiko-1s1@2017_kusiko.Elsa_2017 ()
M     0.00 msR2A-56A@2017_new_mir.Elsa_2017 (Непокорная Эльза. Разрез-развертка)
S     0.00  elsa_2017_new_mir-1s@2017_new_mir.Elsa_2017 ()
########## end of export maps & scraps selection ###############
writing elsa_2017-ext.pdf ...
####################### metapost log file ########################
This is MetaPost, version 2.00 (TeX Live 2020/W32TeX) (kpathsea version 6.3.2)  5 APR 2023 17:01
**data.mp
(c:/Users/Professional/AppData/Local/Therion/texmf/mpost/mpost.mp
(c:/Users/Professional/AppData/Local/Therion/texmf/mpost/plain.mp
Preloading the plain mem file, version 1.005) ) (./data.mp
{randomseed:=42}
 [4001] [4002] [4003] [4004] [4005] [4006] [4007] [4008] [4009] [4010] [4011] [
4012] [4013] [4014]
[1]
[Warning: scrap outline intersects itself in scrap elsa_2017_kusiko-1s@2017_kus
iko.Elsa_2017] [2] [3] [4] [5] [6] [7] [8] [9] [10] [11] [12] [13]
[Warning: scrap outline intersects itself in scrap elsa_2017_new_mir-1s@2017_ne
w_mir.Elsa_2017] [14] [15] [16] [17] (./mptextmp.mp) [18] )
 
Here is how much of MetaPost's memory you used:
 35791 strings using 993701 characters
 2625276 bytes of node memory
 1664 symbolic tokens
 8i,82n,16p,323b,5f stack positions out of 16i,98n,20p,390b,6f
32 output files written: data.1 .. data.4014


#################### end of metapost log file ####################
converting scraps ... done
making map ... done
######################## pdftex log file #########################
This is pdfTeX, Version 3.14159265-2.6-1.40.21 (TeX Live 2020/W32TeX) (preloaded format=pdftex 2020.6.19)  5 APR 2023 17:01
entering extended mode
**data.tex
(./data.tex (./th_enc.tex) (./th_texts.tex) (./th_resources.tex
(c:/Users/Professional/AppData/Local/Therion/texmf/tex/glyphtounicode.tex))
(./th_fontdef.tex{c:/Users/Professional/AppData/Local/Therion/texmf/fonts/pdfte
x.map})
(./th_formdef.tex) (./th_pagedef.tex) (./th_pages.tex)
 71 numeric registers used out of 32768
 [1] ) 
Here is how much of TeX's memory you used:
 269 strings out of 94623
 2770 string characters out of 1150079
 102681 words of memory out of 5083424
 1920 multiletter control sequences out of 15000+50000
 20080 words of font info for 63 fonts, out of 1000000 for 2000
 1416 hyphenation exceptions out of 5000
 9i,5n,8p,238b,58s stack positions out of 5000i,500n,10000p,200000b,50000s
<c:/Users/Professional/AppData/Local/Therion/texmf/fonts/type1/cmcss10.pf
b><c:/Users/Professional/AppData/Local/Therion/texmf/fonts/type1/cmss10.pfb><c:
/Users/Professional/AppData/Local/Therion/texmf/fonts/type1/cmssi10.pfb>
Output written on data.pdf (1 page, 140508 bytes).
PDF statistics:
 91 PDF objects out of 1000 (max. 8388607)
 51 compressed objects within 1 object stream
 0 named destinations out of 1000 (max. 500000)
 213 words of extra memory for PDF output out of 10000 (max. 10000000)


##################### end of pdftex log file #####################
done
writing elsa_2015.lox .....
C:\Users\Professional\AppData\Local\Therion\therion.exe: warning -- elsa_2017_new_mir-1p1@2017_new_mir.Elsa_2017 -- multiple scrap outer outlines not supported yet
.
C:\Users\Professional\AppData\Local\Therion\therion.exe: warning -- elsa_2017_kusiko-1p@2017_kusiko.Elsa_2017 -- multiple scrap outer outlines not supported yet
 done
writing xtherion file ... done
compilation time: 4 sec


###################### scrap distortions #######################
 PROJECTION: plan
 AVERAGE  MAXIMAL  SCRAP
   1.32%   80.77%  elsa_2017_kusiko-1p@2017_kusiko.Elsa_2017
   0.04%   61.28%  elsa_2017_new_mir-1p1@2017_new_mir.Elsa_2017
   4.68%   50.71%  elsa_2017_new_mir-1p@2017_new_mir.Elsa_2017
################### end of scrap distortions ###################


###################### scrap distortions #######################
 PROJECTION: extended
 AVERAGE  MAXIMAL  SCRAP
  17.09%   93.84%  elsa_2017_kusiko-1s@2017_kusiko.Elsa_2017
   6.69%   87.96%  elsa_2017_kusiko-1s1@2017_kusiko.Elsa_2017
   0.15%   87.58%  elsa_2017_new_mir-1s@2017_new_mir.Elsa_2017
   0.00%    0.01%  elsa_2017_kusiko-1s2@2017_kusiko.Elsa_2017
################### end of scrap distortions ###################
