therion 5.5.5 (2020-12-22)
  - using Proj 5.1.0, compiled against 5.1.0
initialization file: C:\Users\Professional\AppData\Local\Therion/therion.ini
reading ... done
configuration file: elsa_2015.thconfig
reading ... done
reading source files ... done
preprocessing database ... done
scanning centreline tree ... done
searching for centerline loops ... done
calculating station coordinates ... done
calculating basic statistics ... done
processing extended elevation ... done
processing references ... done
selecting export objects ... done
processing projection plan ... done


############### export maps & scraps selection #################
S -8999999999999999900000000000000000000000000000000000000000000000000000000000000000000000000000000000.00  @ ()
########## end of export maps & scraps selection ###############
writing elsa_2015-plan.pdf ...
####################### metapost log file ########################
This is MetaPost, version 2.00 (TeX Live 2020/W32TeX) (kpathsea version 6.3.2)  5 APR 2023 11:10
**data.mp
(c:/Users/Professional/AppData/Local/Therion/texmf/mpost/mpost.mp
(c:/Users/Professional/AppData/Local/Therion/texmf/mpost/plain.mp
Preloading the plain mem file, version 1.005) ) (./data.mp
{randomseed:=42}
 [4001] [4002] [4003] [4004] [4005] [4006] [4007] [4008] [4009] [4010] [4011] [
4012] [4013] [4014]
[1] [2] [3] (./mptextmp.mp) [4] )
 
Here is how much of MetaPost's memory you used:
 5823 strings using 181003 characters
 2256364 bytes of node memory
 1660 symbolic tokens
 8i,82n,16p,312b,5f stack positions out of 16i,98n,20p,312b,6f
18 output files written: data.1 .. data.4014


#################### end of metapost log file ####################
converting scraps ... done
making map ... done
######################## pdftex log file #########################
This is pdfTeX, Version 3.14159265-2.6-1.40.21 (TeX Live 2020/W32TeX) (preloaded format=pdftex 2020.6.19)  5 APR 2023 11:10
entering extended mode
**data.tex
(./data.tex (./th_enc.tex) (./th_texts.tex) (./th_resources.tex
(c:/Users/Professional/AppData/Local/Therion/texmf/tex/glyphtounicode.tex))
(./th_fontdef.tex{c:/Users/Professional/AppData/Local/Therion/texmf/fonts/pdfte
x.map})
(./th_formdef.tex) (./th_pagedef.tex) (./th_pages.tex)
 51 numeric registers used out of 32768
 [1] ) 
Here is how much of TeX's memory you used:
 248 strings out of 94623
 2566 string characters out of 1150079
 55648 words of memory out of 5037391
 1899 multiletter control sequences out of 15000+50000
 18931 words of font info for 60 fonts, out of 1000000 for 2000
 1416 hyphenation exceptions out of 5000
 9i,5n,8p,238b,58s stack positions out of 5000i,500n,10000p,200000b,50000s
<c:/Users/Professional/AppData/Local/Therion/texmf/fonts/type1/cmss10.pfb
><c:/Users/Professional/AppData/Local/Therion/texmf/fonts/type1/cmssi10.pfb>
Output written on data.pdf (1 page, 24171 bytes).
PDF statistics:
 38 PDF objects out of 1000 (max. 8388607)
 23 compressed objects within 1 object stream
 0 named destinations out of 1000 (max. 500000)
 67 words of extra memory for PDF output out of 10000 (max. 10000000)


##################### end of pdftex log file #####################
done
processing projection extended ... done
C:\Users\Professional\AppData\Local\Therion\therion.exe: warning --  [0] -- source layout not found -- water-blue


############### export maps & scraps selection #################
S -8999999999999999900000000000000000000000000000000000000000000000000000000000000000000000000000000000.00  @ ()
########## end of export maps & scraps selection ###############
writing elsa_2015-ext.pdf ...
####################### metapost log file ########################
This is MetaPost, version 2.00 (TeX Live 2020/W32TeX) (kpathsea version 6.3.2)  5 APR 2023 11:10
**data.mp
(c:/Users/Professional/AppData/Local/Therion/texmf/mpost/mpost.mp
(c:/Users/Professional/AppData/Local/Therion/texmf/mpost/plain.mp
Preloading the plain mem file, version 1.005) ) (./data.mp
{randomseed:=42}
 [4001] [4002] [4003] [4004] [4005] [4006] [4007] [4008] [4009] [4010] [4011] [
4012] [4013] [4014]
[1] [2] [3] (./mptextmp.mp) [4] )
 
Here is how much of MetaPost's memory you used:
 6727 strings using 200226 characters
 2256364 bytes of node memory
 1660 symbolic tokens
 8i,82n,16p,312b,5f stack positions out of 16i,98n,20p,312b,6f
18 output files written: data.1 .. data.4014


#################### end of metapost log file ####################
converting scraps ... done
making map ... done
######################## pdftex log file #########################
This is pdfTeX, Version 3.14159265-2.6-1.40.21 (TeX Live 2020/W32TeX) (preloaded format=pdftex 2020.6.19)  5 APR 2023 11:11
entering extended mode
**data.tex
(./data.tex (./th_enc.tex) (./th_texts.tex) (./th_resources.tex
(c:/Users/Professional/AppData/Local/Therion/texmf/tex/glyphtounicode.tex))
(./th_fontdef.tex{c:/Users/Professional/AppData/Local/Therion/texmf/fonts/pdfte
x.map})
(./th_formdef.tex) (./th_pagedef.tex) (./th_pages.tex)
 51 numeric registers used out of 32768
 [1] ) 
Here is how much of TeX's memory you used:
 248 strings out of 94623
 2566 string characters out of 1150079
 57695 words of memory out of 5039438
 1899 multiletter control sequences out of 15000+50000
 18931 words of font info for 60 fonts, out of 1000000 for 2000
 1416 hyphenation exceptions out of 5000
 9i,5n,8p,238b,58s stack positions out of 5000i,500n,10000p,200000b,50000s
<c:/Users/Professional/AppData/Local/Therion/texmf/fonts/type1/cmss10.pfb
><c:/Users/Professional/AppData/Local/Therion/texmf/fonts/type1/cmssi10.pfb>
Output written on data.pdf (1 page, 26431 bytes).
PDF statistics:
 38 PDF objects out of 1000 (max. 8388607)
 23 compressed objects within 1 object stream
 0 named destinations out of 1000 (max. 500000)
 67 words of extra memory for PDF output out of 10000 (max. 10000000)


##################### end of pdftex log file #####################
done
writing elsa_2015.lox ... done
writing xtherion file ... done
compilation time: 1 sec
